<?xml version="1.0" encoding="UTF-8"?>
<!-- Generated by org.testng.reporters.JUnitXMLReporter -->
<testsuite hostname="Richa-PC" ignored="0" name="My Store Automation Test Cases" tests="6" failures="0" timestamp="14 Aug 2020 19:41:31 GMT" time="135.209" errors="0">
  <testcase name="loginTest" time="4.153" classname="com.mystore.qa.testcases.LoginPageTest"/>
  <testcase name="validateTitleTest" time="0.061" classname="com.mystore.qa.testcases.HomePageTest"/>
  <testcase name="getEveningDressesTest" time="3.698" classname="com.mystore.qa.testcases.HomePageTest"/>
  <testcase name="searchItems" time="2.708" classname="com.mystore.qa.testcases.HomePageTest"/>
  <testcase name="searchItems" time="2.776" classname="com.mystore.qa.testcases.HomePageTest"/>
  <testcase name="searchItems" time="2.58" classname="com.mystore.qa.testcases.HomePageTest"/>
</testsuite> <!-- My Store Automation Test Cases -->
