<?xml version="1.0" encoding="UTF-8"?>
<testng-results skipped="0" failed="0" ignored="0" total="2" passed="2">
  <reporter-output>
  </reporter-output>
  <suite name="Default suite" duration-ms="64566" started-at="2020-08-23T13:02:12Z" finished-at="2020-08-23T13:03:17Z">
    <groups>
    </groups>
    <test name="Default test" duration-ms="64566" started-at="2020-08-23T13:02:12Z" finished-at="2020-08-23T13:03:17Z">
      <class name="com.mystore.qa.testcases.HomePageTest">
        <test-method status="PASS" signature="setup()[pri:0, instance:com.mystore.qa.testcases.HomePageTest@42e26948]" name="setup" is-config="true" duration-ms="33354" started-at="2020-08-23T13:02:13Z" finished-at="2020-08-23T13:02:46Z">
          <reporter-output>
          </reporter-output>
        </test-method> <!-- setup -->
        <test-method status="PASS" signature="validateItemsCount(java.lang.String, java.lang.String, java.lang.String)[pri:3, instance:com.mystore.qa.testcases.HomePageTest@42e26948]" name="validateItemsCount" duration-ms="4538" started-at="2020-08-23T13:02:46Z" data-provider="getTestData" finished-at="2020-08-23T13:02:51Z">
          <params>
            <param index="0">
              <value>
                <![CDATA[Dress]]>
              </value>
            </param>
            <param index="1">
              <value>
                <![CDATA[7]]>
              </value>
            </param>
            <param index="2">
              <value>
                <![CDATA[]]>
              </value>
            </param>
          </params>
          <reporter-output>
          </reporter-output>
        </test-method> <!-- validateItemsCount -->
        <test-method status="PASS" signature="tearDown()[pri:0, instance:com.mystore.qa.testcases.HomePageTest@42e26948]" name="tearDown" is-config="true" duration-ms="1158" started-at="2020-08-23T13:02:51Z" finished-at="2020-08-23T13:02:52Z">
          <reporter-output>
          </reporter-output>
        </test-method> <!-- tearDown -->
        <test-method status="PASS" signature="setup()[pri:0, instance:com.mystore.qa.testcases.HomePageTest@42e26948]" name="setup" is-config="true" duration-ms="19807" started-at="2020-08-23T13:02:52Z" finished-at="2020-08-23T13:03:12Z">
          <reporter-output>
          </reporter-output>
        </test-method> <!-- setup -->
        <test-method status="PASS" signature="validateItemsCount(java.lang.String, java.lang.String, java.lang.String)[pri:3, instance:com.mystore.qa.testcases.HomePageTest@42e26948]" name="validateItemsCount" duration-ms="3382" started-at="2020-08-23T13:03:12Z" data-provider="getTestData" finished-at="2020-08-23T13:03:15Z">
          <params>
            <param index="0">
              <value>
                <![CDATA[Shirts]]>
              </value>
            </param>
            <param index="1">
              <value>
                <![CDATA[1]]>
              </value>
            </param>
            <param index="2">
              <value>
                <![CDATA[]]>
              </value>
            </param>
          </params>
          <reporter-output>
          </reporter-output>
        </test-method> <!-- validateItemsCount -->
        <test-method status="PASS" signature="tearDown()[pri:0, instance:com.mystore.qa.testcases.HomePageTest@42e26948]" name="tearDown" is-config="true" duration-ms="1123" started-at="2020-08-23T13:03:15Z" finished-at="2020-08-23T13:03:17Z">
          <reporter-output>
          </reporter-output>
        </test-method> <!-- tearDown -->
      </class> <!-- com.mystore.qa.testcases.HomePageTest -->
    </test> <!-- Default test -->
  </suite> <!-- Default suite -->
</testng-results>
